<?xml version="1.0" encoding="UTF-8"?>
<!-- Generated by org.testng.reporters.JUnitXMLReporter -->
<testsuite hostname="DESKTOP-D6E6O6F" ignored="0" name="test" tests="1" failures="0" timestamp="2020-10-09T20:58:06 EET" time="0.766" errors="0">
  <testcase name="@BeforeMethod startdriver" time="-1.602269886817E9" classname="com.pixelogic.tests.TestBase">
    <failure type="org.testng.TestNGException" message="
Parameter &amp;apos;browser&amp;apos; is required by BeforeMethod on method startdriver but has not been marked @Optional or defined
in F:\ITI software testing\testing\selenium work\taskpixelogic\testng.xml">
      <![CDATA[org.testng.TestNGException: 
Parameter 'browser' is required by BeforeMethod on method startdriver but has not been marked @Optional or defined
in F:\ITI software testing\testing\selenium work\taskpixelogic\testng.xml
at java.util.ArrayList.forEach(ArrayList.java:1249)
... Removed 28 stack frames]]>
    </failure>
  </testcase> <!-- @BeforeMethod startdriver -->
  <testcase name="userregister" time="0.0" classname="com.pixelogic.tests.UserRegistrationTest">
    <skipped/>
  </testcase> <!-- userregister -->
</testsuite> <!-- test -->
